<?xml version="1.0" encoding="UTF-8"?>
<robot generator="Robot 6.0.1 (Python 3.11.0 on darwin)" generated="20221122 14:40:41.686" rpa="false" schemaversion="3">
<suite id="s1" name="Login" source="/Users/s19667/Documents/pythonProjec/Test_Robot/test_case/login.robot">
<test id="s1-t1" name="Verify Successful Login to the-internet.herokuapp" line="8">
<kw name="Open Browser" library="SeleniumLibrary">
<arg>https://the-internet.herokuapp.com/login</arg>
<arg>Chrome</arg>
<doc>Opens a new browser instance to the optional ``url``.</doc>
<msg timestamp="20221122 14:40:41.765" level="INFO">Opening browser 'Chrome' to base url 'https://the-internet.herokuapp.com/login'.</msg>
<status status="PASS" starttime="20221122 14:40:41.765" endtime="20221122 14:40:58.049"/>
</kw>
<kw name="Wait Until Element Is Visible" library="SeleniumLibrary">
<arg>id:username</arg>
<arg>timeout=5</arg>
<doc>Waits until the element ``locator`` is visible.</doc>
<status status="PASS" starttime="20221122 14:40:58.050" endtime="20221122 14:40:58.133"/>
</kw>
<kw name="Input Text" library="SeleniumLibrary">
<arg>id:username</arg>
<arg>tomsmith</arg>
<doc>Types the given ``text`` into the text field identified by ``locator``.</doc>
<msg timestamp="20221122 14:40:58.133" level="INFO">Typing text 'tomsmith' into text field 'id:username'.</msg>
<status status="PASS" starttime="20221122 14:40:58.133" endtime="20221122 14:40:58.349"/>
</kw>
<kw name="Input Password" library="SeleniumLibrary">
<arg>id:password</arg>
<arg>SuperSecretPassword!</arg>
<doc>Types the given password into the text field identified by ``locator``.</doc>
<msg timestamp="20221122 14:40:58.349" level="INFO">Typing password into text field 'id:password'.</msg>
<msg timestamp="20221122 14:40:58.392" level="INFO">Temporally setting log level to: NONE</msg>
<msg timestamp="20221122 14:40:58.451" level="INFO">Log level changed from NONE to INFO.</msg>
<status status="PASS" starttime="20221122 14:40:58.349" endtime="20221122 14:40:58.451"/>
</kw>
<kw name="Click Element" library="SeleniumLibrary">
<arg>css:button[type="submit"]</arg>
<doc>Click the element identified by ``locator``.</doc>
<msg timestamp="20221122 14:40:58.452" level="INFO">Clicking element 'css:button[type="submit"]'.</msg>
<status status="PASS" starttime="20221122 14:40:58.452" endtime="20221122 14:40:59.581"/>
</kw>
<kw name="Element Should Be Visible" library="SeleniumLibrary">
<arg>css:[href="/logout"]</arg>
<arg>timeout=5</arg>
<doc>Verifies that the element identified by ``locator`` is visible.</doc>
<msg timestamp="20221122 14:40:59.597" level="INFO">Element 'css:[href="/logout"]' is displayed.</msg>
<status status="PASS" starttime="20221122 14:40:59.581" endtime="20221122 14:40:59.597"/>
</kw>
<kw name="Close Browser" library="SeleniumLibrary">
<doc>Closes the current browser.</doc>
<status status="PASS" starttime="20221122 14:40:59.597" endtime="20221122 14:40:59.680"/>
</kw>
<doc>This test case verifies that user is able to successfully Login to the-internet.herokuapp</doc>
<tag>Smoke</tag>
<status status="PASS" starttime="20221122 14:40:41.765" endtime="20221122 14:40:59.681"/>
</test>
<doc>Login Functionality</doc>
<status status="PASS" starttime="20221122 14:40:41.687" endtime="20221122 14:40:59.681"/>
</suite>
<statistics>
<total>
<stat pass="1" fail="0" skip="0">All Tests</stat>
</total>
<tag>
<stat pass="1" fail="0" skip="0">Smoke</stat>
</tag>
<suite>
<stat pass="1" fail="0" skip="0" id="s1" name="Login">Login</stat>
</suite>
</statistics>
<errors>
</errors>
</robot>
